<?xml version="1.0" encoding="UTF-8"?>
<!-- Generated by org.testng.reporters.JUnitReportReporter -->
<testsuite hostname="ATMECSINLT-647" failures="0" tests="2" name="testcases.TestCase1" time="0.020" errors="0" timestamp="2020-12-27T22:28:00 IST" skipped="0">
  <testcase classname="testcases.TestCase1" name="doUserReg" time="0.013"/>
  <system-out/>
  <testcase classname="testcases.TestCase1" name="doLogin" time="0.007"/>
  <system-out/>
</testsuite> <!-- testcases.TestCase1 -->
