<?xml version="1.0" encoding="UTF-8"?>
<!-- Generated by org.testng.reporters.JUnitReportReporter -->
<testsuite hostname="ATMECSINLT-647" failures="0" tests="1" name="parameterization.TestNGParameterizationExcel" time="0.000" errors="0" timestamp="2020-12-27T23:44:25 IST" skipped="1">
  <testcase classname="parameterization.TestNGParameterizationExcel" name="testData" time="0.000">
    <skipped/>
  </testcase> <!-- testData -->
  <system-out/>
</testsuite> <!-- parameterization.TestNGParameterizationExcel -->
