<?xml version="1.0" encoding="UTF-8"?>
<!-- Generated by org.testng.reporters.JUnitReportReporter -->
<testsuite hostname="ATMECSINLT-647" failures="0" tests="2" name="parallelTest.TestParallelDP" time="4.656" errors="0" timestamp="2020-12-28T00:35:22 IST" skipped="0">
  <testcase classname="parallelTest.TestParallelDP" name="getBrowser" time="2.328"/>
  <system-out/>
  <testcase classname="parallelTest.TestParallelDP" name="getBrowser" time="2.328"/>
  <system-out/>
</testsuite> <!-- parallelTest.TestParallelDP -->
