<?xml version="1.0" encoding="UTF-8"?>
<!-- Generated by org.testng.reporters.JUnitReportReporter -->
<testsuite hostname="ATMECSINLT-647" failures="0" tests="2" name="regression.TestCase1" time="0.009" errors="0" timestamp="2020-12-27T21:07:04 IST" skipped="0">
  <testcase classname="regression.TestCase1" name="doUserReg" time="0.004"/>
  <system-out/>
  <testcase classname="regression.TestCase1" name="doLogin" time="0.005"/>
  <system-out/>
</testsuite> <!-- regression.TestCase1 -->
