<?xml version="1.0" encoding="UTF-8"?>
<!-- Generated by org.testng.reporters.JUnitReportReporter -->
<testsuite hostname="ATMECSINLT-647" failures="0" tests="1" name="parameterization.TestParametersFromXML" time="0.018" errors="0" timestamp="2020-12-28T00:27:17 IST" skipped="0">
  <testcase classname="parameterization.TestParametersFromXML" name="getBrowser" time="0.018"/>
  <system-out/>
</testsuite> <!-- parameterization.TestParametersFromXML -->
