<?xml version="1.0" encoding="UTF-8"?>
<!-- Generated by org.testng.reporters.JUnitReportReporter -->
<testsuite hostname="ATMECSINLT-647" failures="0" tests="2" name="parallelTest.TestBrowser" time="4.090" errors="0" timestamp="2020-12-28T00:29:56 IST" skipped="0">
  <testcase classname="parallelTest.TestBrowser" name="getBrowser" time="2.045"/>
  <system-out/>
  <testcase classname="parallelTest.TestBrowser" name="getBrowser" time="2.045"/>
  <system-out/>
</testsuite> <!-- parallelTest.TestBrowser -->
