<?xml version="1.0" encoding="UTF-8"?>
<!-- Generated by org.testng.reporters.JUnitReportReporter -->
<testsuite hostname="ATMECSINLT-647" failures="0" tests="1" name="testcases.TestFailure" time="0.001" errors="0" timestamp="2020-12-27T22:28:00 IST" skipped="0">
  <testcase classname="testcases.TestFailure" name="doLogin" time="0.001"/>
  <system-out/>
</testsuite> <!-- testcases.TestFailure -->
