<?xml version="1.0" encoding="UTF-8"?>
<!-- Generated by org.testng.reporters.JUnitReportReporter -->
<testsuite hostname="ATMECSINLT-647" failures="0" tests="2" name="parameterization.DataProviders" time="0.012" errors="0" timestamp="2020-12-27T23:54:39 IST" skipped="0">
  <testcase classname="parameterization.DataProviders" name="testData" time="0.010"/>
  <system-out/>
  <testcase classname="parameterization.DataProviders" name="testData" time="0.002"/>
  <system-out/>
</testsuite> <!-- parameterization.DataProviders -->
