<?xml version="1.0" encoding="UTF-8"?>
<!-- Generated by org.testng.reporters.JUnitReportReporter -->
<testsuite hostname="ATMECSINLT-647" failures="0" tests="3" name="parameterization.TestParameterization" time="0.015" errors="0" timestamp="2020-12-27T22:40:08 IST" skipped="0">
  <testcase classname="parameterization.TestParameterization" name="doLogin" time="0.002"/>
  <system-out/>
  <testcase classname="parameterization.TestParameterization" name="doLogin" time="0.011"/>
  <system-out/>
  <testcase classname="parameterization.TestParameterization" name="doLogin" time="0.002"/>
  <system-out/>
</testsuite> <!-- parameterization.TestParameterization -->
