<?xml version="1.0" encoding="UTF-8"?>
<!-- Generated by org.testng.reporters.JUnitReportReporter -->
<testsuite hostname="ATMECSINLT-647" failures="0" tests="2" name="parameterization.DataProvidersCallFromOtherClass" time="0.013" errors="0" timestamp="2020-12-28T00:07:40 IST" skipped="0">
  <testcase classname="parameterization.DataProvidersCallFromOtherClass" name="UserReg3" time="0.002"/>
  <system-out/>
  <testcase classname="parameterization.DataProvidersCallFromOtherClass" name="UserReg3" time="0.011"/>
  <system-out/>
</testsuite> <!-- parameterization.DataProvidersCallFromOtherClass -->
